<?xml version="1.0" encoding="UTF-8"?>
<!-- Generated by org.testng.reporters.JUnitReportReporter -->
<testsuite hostname="DESKTOP-BN6R26C" failures="0" tests="1" name="com.crm.vtiger.SDET32_GitPractice.ClassA" time="0.016" errors="0" timestamp="2022-04-12T12:30:27 IST" skipped="0">
  <testcase classname="com.crm.vtiger.SDET32_GitPractice.ClassA" name="abc" time="0.016"/>
  <system-out/>
</testsuite> <!-- com.crm.vtiger.SDET32_GitPractice.ClassA -->
